<?xml version="1.0" encoding="UTF-8"?>
<!-- Generated by org.testng.reporters.JUnitXMLReporter -->
<testsuite hostname="Home-PC" ignored="0" name="FirstTest" tests="5" failures="0" timestamp="2020-05-27T21:58:53 IST" time="165.616" errors="0">
  <testcase name="LoginPageTest" time="4.917" classname="test.CompleteTest"/>
  <testcase name="TimeSheetTest" time="18.499" classname="test.CompleteTest"/>
  <testcase name="ApprovedTimeSheetTest" time="4.018" classname="test.CompleteTest"/>
  <testcase name="CreateTimeSheet" time="54.518" classname="test.CompleteTest"/>
  <testcase name="pendingTimeSheetTest" time="72.382" classname="test.CompleteTest"/>
</testsuite> <!-- FirstTest -->
