<?xml version="1.0" encoding="UTF-8"?>
<testng-results skipped="0" failed="0" ignored="0" total="1" passed="1">
  <reporter-output>
  </reporter-output>
  <suite name="Suite" duration-ms="71134" started-at="2020-05-20T21:38:57 IST" finished-at="2020-05-20T21:40:08 IST">
    <groups>
    </groups>
    <test name="FirstTest" duration-ms="71134" started-at="2020-05-20T21:38:57 IST" finished-at="2020-05-20T21:40:08 IST">
      <class name="test.CompleteTest">
        <test-method status="PASS" signature="beforeClass()[pri:0, instance:test.CompleteTest@bbd20a]" name="beforeClass" is-config="true" duration-ms="9459" started-at="2020-05-20T21:38:57 IST" finished-at="2020-05-20T21:39:06 IST">
          <reporter-output>
          </reporter-output>
        </test-method> <!-- beforeClass -->
        <test-method status="PASS" signature="main()[pri:1, instance:test.CompleteTest@bbd20a]" name="main" duration-ms="61605" started-at="2020-05-20T21:39:06 IST" finished-at="2020-05-20T21:40:08 IST">
          <reporter-output>
          </reporter-output>
        </test-method> <!-- main -->
        <test-method status="PASS" signature="afterClass()[pri:0, instance:test.CompleteTest@bbd20a]" name="afterClass" is-config="true" duration-ms="0" started-at="2020-05-20T21:40:08 IST" finished-at="2020-05-20T21:40:08 IST">
          <reporter-output>
          </reporter-output>
        </test-method> <!-- afterClass -->
      </class> <!-- test.CompleteTest -->
    </test> <!-- FirstTest -->
  </suite> <!-- Suite -->
</testng-results>
